[ 2018-07-27T10:47:34+08:00 ] ::1 /
INFO: [ app_init ] --START--
INFO: Run Behavior\BuildLiteBehavior [ RunTime:0.000016s ]
INFO: [ app_init ] --END-- [ RunTime:0.054237s ]
INFO: [ app_begin ] --START--
INFO: Run Behavior\ReadHtmlCacheBehavior [ RunTime:0.059509s ]
INFO: [ app_begin ] --END-- [ RunTime:0.059558s ]
INFO: [ view_parse ] --START--
INFO: Run Behavior\ParseTemplateBehavior [ RunTime:0.050760s ]
INFO: [ view_parse ] --END-- [ RunTime:0.050847s ]
INFO: [ view_filter ] --START--
INFO: Run Behavior\WriteHtmlCacheBehavior [ RunTime:0.052934s ]
INFO: [ view_filter ] --END-- [ RunTime:0.052969s ]
INFO: [ app_end ] --START--
INFO: Run Behavior\ShowPageTraceBehavior [ RunTime:0.070423s ]
INFO: [ app_end ] --END-- [ RunTime:0.070489s ]

[ 2018-07-27T11:35:11+08:00 ] ::1 /
INFO: [ app_init ] --START--
INFO: Run Behavior\BuildLiteBehavior [ RunTime:0.000008s ]
INFO: [ app_init ] --END-- [ RunTime:0.000712s ]
INFO: [ app_begin ] --START--
INFO: Run Behavior\ReadHtmlCacheBehavior [ RunTime:0.001520s ]
INFO: [ app_begin ] --END-- [ RunTime:0.001571s ]
NOTIC: [2] Declaration of Home\Controller\CommonController::ajaxReturn($data = Array, $type = '') should be compatible with Think\Controller::ajaxReturn($data, $type = '', $json_option = 0) C:\xampp\htdocs\Application\Home\Controller\CommonController.class.php 第 98 行.
NOTIC: [8] Use of undefined constant DS - assumed 'DS' C:\xampp\htdocs\Application\Home\Controller\CommonController.class.php 第 85 行.
NOTIC: [8] Use of undefined constant DS - assumed 'DS' C:\xampp\htdocs\Application\Home\Controller\CommonController.class.php 第 85 行.
NOTIC: [8] Use of undefined constant ROOT_PATH - assumed 'ROOT_PATH' C:\xampp\htdocs\Application\Home\Controller\CommonController.class.php 第 86 行.
NOTIC: [8] Use of undefined constant DS - assumed 'DS' C:\xampp\htdocs\Application\Home\Controller\CommonController.class.php 第 86 行.
NOTIC: [8] Use of undefined constant DS - assumed 'DS' C:\xampp\htdocs\Application\Home\Controller\CommonController.class.php 第 87 行.
NOTIC: [8] Use of undefined constant DS - assumed 'DS' C:\xampp\htdocs\Application\Home\Controller\CommonController.class.php 第 87 行.
NOTIC: [8] Use of undefined constant ROOT_PATH - assumed 'ROOT_PATH' C:\xampp\htdocs\Application\Home\Controller\CommonController.class.php 第 88 行.
NOTIC: [8] Use of undefined constant DS - assumed 'DS' C:\xampp\htdocs\Application\Home\Controller\CommonController.class.php 第 88 行.
INFO: [ app_end ] --START--
INFO: Run Behavior\ShowPageTraceBehavior [ RunTime:0.001385s ]
INFO: [ app_end ] --END-- [ RunTime:0.001416s ]

[ 2018-07-27T11:39:03+08:00 ] ::1 /
INFO: [ app_init ] --START--
INFO: Run Behavior\BuildLiteBehavior [ RunTime:0.000009s ]
INFO: [ app_init ] --END-- [ RunTime:0.000827s ]
INFO: [ app_begin ] --START--
INFO: Run Behavior\ReadHtmlCacheBehavior [ RunTime:0.001354s ]
INFO: [ app_begin ] --END-- [ RunTime:0.001385s ]
NOTIC: [2] Declaration of Home\Controller\CommonController::ajaxReturn($data = Array, $type = '') should be compatible with Think\Controller::ajaxReturn($data, $type = '', $json_option = 0) C:\xampp\htdocs\Application\Home\Controller\CommonController.class.php 第 95 行.
NOTIC: [8] Use of undefined constant DS - assumed 'DS' C:\xampp\htdocs\Application\Home\Controller\CommonController.class.php 第 86 行.
NOTIC: [8] Use of undefined constant DS - assumed 'DS' C:\xampp\htdocs\Application\Home\Controller\CommonController.class.php 第 86 行.
NOTIC: [8] Use of undefined constant ROOT_PATH - assumed 'ROOT_PATH' C:\xampp\htdocs\Application\Home\Controller\CommonController.class.php 第 87 行.
NOTIC: [8] Use of undefined constant DS - assumed 'DS' C:\xampp\htdocs\Application\Home\Controller\CommonController.class.php 第 87 行.
NOTIC: [8] Use of undefined constant DS - assumed 'DS' C:\xampp\htdocs\Application\Home\Controller\CommonController.class.php 第 88 行.
NOTIC: [8] Use of undefined constant DS - assumed 'DS' C:\xampp\htdocs\Application\Home\Controller\CommonController.class.php 第 88 行.
NOTIC: [8] Use of undefined constant ROOT_PATH - assumed 'ROOT_PATH' C:\xampp\htdocs\Application\Home\Controller\CommonController.class.php 第 89 行.
NOTIC: [8] Use of undefined constant DS - assumed 'DS' C:\xampp\htdocs\Application\Home\Controller\CommonController.class.php 第 89 行.
INFO: [ app_end ] --START--
INFO: Run Behavior\ShowPageTraceBehavior [ RunTime:0.001314s ]
INFO: [ app_end ] --END-- [ RunTime:0.001342s ]

[ 2018-07-27T11:39:03+08:00 ] ::1 /favicon.ico
INFO: [ app_init ] --START--
INFO: Run Behavior\BuildLiteBehavior [ RunTime:0.000008s ]
INFO: [ app_init ] --END-- [ RunTime:0.000604s ]

[ 2018-07-27T11:44:09+08:00 ] ::1 /
INFO: [ app_init ] --START--
INFO: Run Behavior\BuildLiteBehavior [ RunTime:0.000009s ]
INFO: [ app_init ] --END-- [ RunTime:0.000743s ]
INFO: [ app_begin ] --START--
INFO: Run Behavior\ReadHtmlCacheBehavior [ RunTime:0.001305s ]
INFO: [ app_begin ] --END-- [ RunTime:0.001334s ]
NOTIC: [2] Declaration of Home\Controller\CommonController::ajaxReturn($data = Array, $type = '') should be compatible with Think\Controller::ajaxReturn($data, $type = '', $json_option = 0) C:\xampp\htdocs\Application\Home\Controller\CommonController.class.php 第 94 行.
NOTIC: [8] Use of undefined constant DS - assumed 'DS' C:\xampp\htdocs\Application\Home\Controller\CommonController.class.php 第 85 行.
NOTIC: [8] Use of undefined constant DS - assumed 'DS' C:\xampp\htdocs\Application\Home\Controller\CommonController.class.php 第 85 行.
NOTIC: [8] Use of undefined constant ROOT_PATH - assumed 'ROOT_PATH' C:\xampp\htdocs\Application\Home\Controller\CommonController.class.php 第 86 行.
NOTIC: [8] Use of undefined constant DS - assumed 'DS' C:\xampp\htdocs\Application\Home\Controller\CommonController.class.php 第 86 行.
NOTIC: [8] Use of undefined constant DS - assumed 'DS' C:\xampp\htdocs\Application\Home\Controller\CommonController.class.php 第 87 行.
NOTIC: [8] Use of undefined constant DS - assumed 'DS' C:\xampp\htdocs\Application\Home\Controller\CommonController.class.php 第 87 行.
NOTIC: [8] Use of undefined constant ROOT_PATH - assumed 'ROOT_PATH' C:\xampp\htdocs\Application\Home\Controller\CommonController.class.php 第 88 行.
NOTIC: [8] Use of undefined constant DS - assumed 'DS' C:\xampp\htdocs\Application\Home\Controller\CommonController.class.php 第 88 行.
INFO: [ app_end ] --START--
INFO: Run Behavior\ShowPageTraceBehavior [ RunTime:0.001322s ]
INFO: [ app_end ] --END-- [ RunTime:0.001355s ]

[ 2018-07-27T11:44:10+08:00 ] ::1 /
INFO: [ app_init ] --START--
INFO: Run Behavior\BuildLiteBehavior [ RunTime:0.000008s ]
INFO: [ app_init ] --END-- [ RunTime:0.000629s ]
INFO: [ app_begin ] --START--
INFO: Run Behavior\ReadHtmlCacheBehavior [ RunTime:0.000988s ]
INFO: [ app_begin ] --END-- [ RunTime:0.001016s ]
NOTIC: [2] Declaration of Home\Controller\CommonController::ajaxReturn($data = Array, $type = '') should be compatible with Think\Controller::ajaxReturn($data, $type = '', $json_option = 0) C:\xampp\htdocs\Application\Home\Controller\CommonController.class.php 第 94 行.
NOTIC: [8] Use of undefined constant DS - assumed 'DS' C:\xampp\htdocs\Application\Home\Controller\CommonController.class.php 第 85 行.
NOTIC: [8] Use of undefined constant DS - assumed 'DS' C:\xampp\htdocs\Application\Home\Controller\CommonController.class.php 第 85 行.
NOTIC: [8] Use of undefined constant ROOT_PATH - assumed 'ROOT_PATH' C:\xampp\htdocs\Application\Home\Controller\CommonController.class.php 第 86 行.
NOTIC: [8] Use of undefined constant DS - assumed 'DS' C:\xampp\htdocs\Application\Home\Controller\CommonController.class.php 第 86 行.
NOTIC: [8] Use of undefined constant DS - assumed 'DS' C:\xampp\htdocs\Application\Home\Controller\CommonController.class.php 第 87 行.
NOTIC: [8] Use of undefined constant DS - assumed 'DS' C:\xampp\htdocs\Application\Home\Controller\CommonController.class.php 第 87 行.
NOTIC: [8] Use of undefined constant ROOT_PATH - assumed 'ROOT_PATH' C:\xampp\htdocs\Application\Home\Controller\CommonController.class.php 第 88 行.
NOTIC: [8] Use of undefined constant DS - assumed 'DS' C:\xampp\htdocs\Application\Home\Controller\CommonController.class.php 第 88 行.
INFO: [ app_end ] --START--
INFO: Run Behavior\ShowPageTraceBehavior [ RunTime:0.001018s ]
INFO: [ app_end ] --END-- [ RunTime:0.001044s ]

[ 2018-07-27T11:44:11+08:00 ] ::1 /
INFO: [ app_init ] --START--
INFO: Run Behavior\BuildLiteBehavior [ RunTime:0.000008s ]
INFO: [ app_init ] --END-- [ RunTime:0.000590s ]
INFO: [ app_begin ] --START--
INFO: Run Behavior\ReadHtmlCacheBehavior [ RunTime:0.001000s ]
INFO: [ app_begin ] --END-- [ RunTime:0.001029s ]
NOTIC: [2] Declaration of Home\Controller\CommonController::ajaxReturn($data = Array, $type = '') should be compatible with Think\Controller::ajaxReturn($data, $type = '', $json_option = 0) C:\xampp\htdocs\Application\Home\Controller\CommonController.class.php 第 94 行.
NOTIC: [8] Use of undefined constant DS - assumed 'DS' C:\xampp\htdocs\Application\Home\Controller\CommonController.class.php 第 85 行.
NOTIC: [8] Use of undefined constant DS - assumed 'DS' C:\xampp\htdocs\Application\Home\Controller\CommonController.class.php 第 85 行.
NOTIC: [8] Use of undefined constant ROOT_PATH - assumed 'ROOT_PATH' C:\xampp\htdocs\Application\Home\Controller\CommonController.class.php 第 86 行.
NOTIC: [8] Use of undefined constant DS - assumed 'DS' C:\xampp\htdocs\Application\Home\Controller\CommonController.class.php 第 86 行.
NOTIC: [8] Use of undefined constant DS - assumed 'DS' C:\xampp\htdocs\Application\Home\Controller\CommonController.class.php 第 87 行.
NOTIC: [8] Use of undefined constant DS - assumed 'DS' C:\xampp\htdocs\Application\Home\Controller\CommonController.class.php 第 87 行.
NOTIC: [8] Use of undefined constant ROOT_PATH - assumed 'ROOT_PATH' C:\xampp\htdocs\Application\Home\Controller\CommonController.class.php 第 88 行.
NOTIC: [8] Use of undefined constant DS - assumed 'DS' C:\xampp\htdocs\Application\Home\Controller\CommonController.class.php 第 88 行.
INFO: [ app_end ] --START--
INFO: Run Behavior\ShowPageTraceBehavior [ RunTime:0.001229s ]
INFO: [ app_end ] --END-- [ RunTime:0.001259s ]

[ 2018-07-27T11:44:11+08:00 ] ::1 /
INFO: [ app_init ] --START--
INFO: Run Behavior\BuildLiteBehavior [ RunTime:0.000009s ]
INFO: [ app_init ] --END-- [ RunTime:0.000639s ]
INFO: [ app_begin ] --START--
INFO: Run Behavior\ReadHtmlCacheBehavior [ RunTime:0.000987s ]
INFO: [ app_begin ] --END-- [ RunTime:0.001016s ]
NOTIC: [2] Declaration of Home\Controller\CommonController::ajaxReturn($data = Array, $type = '') should be compatible with Think\Controller::ajaxReturn($data, $type = '', $json_option = 0) C:\xampp\htdocs\Application\Home\Controller\CommonController.class.php 第 94 行.
NOTIC: [8] Use of undefined constant DS - assumed 'DS' C:\xampp\htdocs\Application\Home\Controller\CommonController.class.php 第 85 行.
NOTIC: [8] Use of undefined constant DS - assumed 'DS' C:\xampp\htdocs\Application\Home\Controller\CommonController.class.php 第 85 行.
NOTIC: [8] Use of undefined constant ROOT_PATH - assumed 'ROOT_PATH' C:\xampp\htdocs\Application\Home\Controller\CommonController.class.php 第 86 行.
NOTIC: [8] Use of undefined constant DS - assumed 'DS' C:\xampp\htdocs\Application\Home\Controller\CommonController.class.php 第 86 行.
NOTIC: [8] Use of undefined constant DS - assumed 'DS' C:\xampp\htdocs\Application\Home\Controller\CommonController.class.php 第 87 行.
NOTIC: [8] Use of undefined constant DS - assumed 'DS' C:\xampp\htdocs\Application\Home\Controller\CommonController.class.php 第 87 行.
NOTIC: [8] Use of undefined constant ROOT_PATH - assumed 'ROOT_PATH' C:\xampp\htdocs\Application\Home\Controller\CommonController.class.php 第 88 行.
NOTIC: [8] Use of undefined constant DS - assumed 'DS' C:\xampp\htdocs\Application\Home\Controller\CommonController.class.php 第 88 行.
INFO: [ app_end ] --START--
INFO: Run Behavior\ShowPageTraceBehavior [ RunTime:0.001050s ]
INFO: [ app_end ] --END-- [ RunTime:0.001076s ]

[ 2018-07-27T11:44:12+08:00 ] ::1 /
INFO: [ app_init ] --START--
INFO: Run Behavior\BuildLiteBehavior [ RunTime:0.000008s ]
INFO: [ app_init ] --END-- [ RunTime:0.000627s ]
INFO: [ app_begin ] --START--
INFO: Run Behavior\ReadHtmlCacheBehavior [ RunTime:0.000977s ]
INFO: [ app_begin ] --END-- [ RunTime:0.001007s ]
NOTIC: [2] Declaration of Home\Controller\CommonController::ajaxReturn($data = Array, $type = '') should be compatible with Think\Controller::ajaxReturn($data, $type = '', $json_option = 0) C:\xampp\htdocs\Application\Home\Controller\CommonController.class.php 第 94 行.
NOTIC: [8] Use of undefined constant DS - assumed 'DS' C:\xampp\htdocs\Application\Home\Controller\CommonController.class.php 第 85 行.
NOTIC: [8] Use of undefined constant DS - assumed 'DS' C:\xampp\htdocs\Application\Home\Controller\CommonController.class.php 第 85 行.
NOTIC: [8] Use of undefined constant ROOT_PATH - assumed 'ROOT_PATH' C:\xampp\htdocs\Application\Home\Controller\CommonController.class.php 第 86 行.
NOTIC: [8] Use of undefined constant DS - assumed 'DS' C:\xampp\htdocs\Application\Home\Controller\CommonController.class.php 第 86 行.
NOTIC: [8] Use of undefined constant DS - assumed 'DS' C:\xampp\htdocs\Application\Home\Controller\CommonController.class.php 第 87 行.
NOTIC: [8] Use of undefined constant DS - assumed 'DS' C:\xampp\htdocs\Application\Home\Controller\CommonController.class.php 第 87 行.
NOTIC: [8] Use of undefined constant ROOT_PATH - assumed 'ROOT_PATH' C:\xampp\htdocs\Application\Home\Controller\CommonController.class.php 第 88 行.
NOTIC: [8] Use of undefined constant DS - assumed 'DS' C:\xampp\htdocs\Application\Home\Controller\CommonController.class.php 第 88 行.
INFO: [ app_end ] --START--
INFO: Run Behavior\ShowPageTraceBehavior [ RunTime:0.001037s ]
INFO: [ app_end ] --END-- [ RunTime:0.001069s ]

[ 2018-07-27T11:44:41+08:00 ] ::1 /
INFO: [ app_init ] --START--
INFO: Run Behavior\BuildLiteBehavior [ RunTime:0.000008s ]
INFO: [ app_init ] --END-- [ RunTime:0.000687s ]
INFO: [ app_begin ] --START--
INFO: Run Behavior\ReadHtmlCacheBehavior [ RunTime:0.001644s ]
INFO: [ app_begin ] --END-- [ RunTime:0.001682s ]
NOTIC: [2] Declaration of Home\Controller\CommonController::ajaxReturn($data = Array, $type = '') should be compatible with Think\Controller::ajaxReturn($data, $type = '', $json_option = 0) C:\xampp\htdocs\Application\Home\Controller\CommonController.class.php 第 95 行.
NOTIC: [8] Use of undefined constant DS - assumed 'DS' C:\xampp\htdocs\Application\Home\Controller\CommonController.class.php 第 86 行.
NOTIC: [8] Use of undefined constant DS - assumed 'DS' C:\xampp\htdocs\Application\Home\Controller\CommonController.class.php 第 86 行.
NOTIC: [8] Use of undefined constant ROOT_PATH - assumed 'ROOT_PATH' C:\xampp\htdocs\Application\Home\Controller\CommonController.class.php 第 87 行.
NOTIC: [8] Use of undefined constant DS - assumed 'DS' C:\xampp\htdocs\Application\Home\Controller\CommonController.class.php 第 87 行.
NOTIC: [8] Use of undefined constant DS - assumed 'DS' C:\xampp\htdocs\Application\Home\Controller\CommonController.class.php 第 88 行.
NOTIC: [8] Use of undefined constant DS - assumed 'DS' C:\xampp\htdocs\Application\Home\Controller\CommonController.class.php 第 88 行.
NOTIC: [8] Use of undefined constant ROOT_PATH - assumed 'ROOT_PATH' C:\xampp\htdocs\Application\Home\Controller\CommonController.class.php 第 89 行.
NOTIC: [8] Use of undefined constant DS - assumed 'DS' C:\xampp\htdocs\Application\Home\Controller\CommonController.class.php 第 89 行.
INFO: [ app_end ] --START--
INFO: Run Behavior\ShowPageTraceBehavior [ RunTime:0.001250s ]
INFO: [ app_end ] --END-- [ RunTime:0.001280s ]

[ 2018-07-27T11:45:02+08:00 ] ::1 /
INFO: [ app_init ] --START--
INFO: Run Behavior\BuildLiteBehavior [ RunTime:0.000013s ]
INFO: [ app_init ] --END-- [ RunTime:0.000869s ]
INFO: [ app_begin ] --START--
INFO: Run Behavior\ReadHtmlCacheBehavior [ RunTime:0.001838s ]
INFO: [ app_begin ] --END-- [ RunTime:0.001888s ]
NOTIC: [2] Declaration of Home\Controller\CommonController::ajaxReturn($data = Array, $type = '') should be compatible with Think\Controller::ajaxReturn($data, $type = '', $json_option = 0) C:\xampp\htdocs\Application\Home\Controller\CommonController.class.php 第 95 行.
NOTIC: [8] Use of undefined constant DS - assumed 'DS' C:\xampp\htdocs\Application\Home\Controller\CommonController.class.php 第 86 行.
NOTIC: [8] Use of undefined constant DS - assumed 'DS' C:\xampp\htdocs\Application\Home\Controller\CommonController.class.php 第 86 行.
NOTIC: [8] Use of undefined constant ROOT_PATH - assumed 'ROOT_PATH' C:\xampp\htdocs\Application\Home\Controller\CommonController.class.php 第 87 行.
NOTIC: [8] Use of undefined constant DS - assumed 'DS' C:\xampp\htdocs\Application\Home\Controller\CommonController.class.php 第 87 行.
NOTIC: [8] Use of undefined constant DS - assumed 'DS' C:\xampp\htdocs\Application\Home\Controller\CommonController.class.php 第 88 行.
NOTIC: [8] Use of undefined constant DS - assumed 'DS' C:\xampp\htdocs\Application\Home\Controller\CommonController.class.php 第 88 行.
NOTIC: [8] Use of undefined constant ROOT_PATH - assumed 'ROOT_PATH' C:\xampp\htdocs\Application\Home\Controller\CommonController.class.php 第 89 行.
NOTIC: [8] Use of undefined constant DS - assumed 'DS' C:\xampp\htdocs\Application\Home\Controller\CommonController.class.php 第 89 行.
NOTIC: [8] Use of undefined constant DS - assumed 'DS' C:\xampp\htdocs\Application\Home\Controller\CommonController.class.php 第 86 行.
NOTIC: [8] Use of undefined constant DS - assumed 'DS' C:\xampp\htdocs\Application\Home\Controller\CommonController.class.php 第 86 行.
NOTIC: [8] Use of undefined constant ROOT_PATH - assumed 'ROOT_PATH' C:\xampp\htdocs\Application\Home\Controller\CommonController.class.php 第 87 行.
NOTIC: [8] Use of undefined constant DS - assumed 'DS' C:\xampp\htdocs\Application\Home\Controller\CommonController.class.php 第 87 行.
NOTIC: [8] Use of undefined constant DS - assumed 'DS' C:\xampp\htdocs\Application\Home\Controller\CommonController.class.php 第 88 行.
NOTIC: [8] Use of undefined constant DS - assumed 'DS' C:\xampp\htdocs\Application\Home\Controller\CommonController.class.php 第 88 行.
NOTIC: [8] Use of undefined constant ROOT_PATH - assumed 'ROOT_PATH' C:\xampp\htdocs\Application\Home\Controller\CommonController.class.php 第 89 行.
NOTIC: [8] Use of undefined constant DS - assumed 'DS' C:\xampp\htdocs\Application\Home\Controller\CommonController.class.php 第 89 行.
INFO: [ app_end ] --START--
INFO: Run Behavior\ShowPageTraceBehavior [ RunTime:0.001298s ]
INFO: [ app_end ] --END-- [ RunTime:0.001326s ]

[ 2018-07-27T11:45:03+08:00 ] ::1 /
INFO: [ app_init ] --START--
INFO: Run Behavior\BuildLiteBehavior [ RunTime:0.000008s ]
INFO: [ app_init ] --END-- [ RunTime:0.000627s ]
INFO: [ app_begin ] --START--
INFO: Run Behavior\ReadHtmlCacheBehavior [ RunTime:0.000966s ]
INFO: [ app_begin ] --END-- [ RunTime:0.000994s ]
NOTIC: [2] Declaration of Home\Controller\CommonController::ajaxReturn($data = Array, $type = '') should be compatible with Think\Controller::ajaxReturn($data, $type = '', $json_option = 0) C:\xampp\htdocs\Application\Home\Controller\CommonController.class.php 第 95 行.
NOTIC: [8] Use of undefined constant DS - assumed 'DS' C:\xampp\htdocs\Application\Home\Controller\CommonController.class.php 第 86 行.
NOTIC: [8] Use of undefined constant DS - assumed 'DS' C:\xampp\htdocs\Application\Home\Controller\CommonController.class.php 第 86 行.
NOTIC: [8] Use of undefined constant ROOT_PATH - assumed 'ROOT_PATH' C:\xampp\htdocs\Application\Home\Controller\CommonController.class.php 第 87 行.
NOTIC: [8] Use of undefined constant DS - assumed 'DS' C:\xampp\htdocs\Application\Home\Controller\CommonController.class.php 第 87 行.
NOTIC: [8] Use of undefined constant DS - assumed 'DS' C:\xampp\htdocs\Application\Home\Controller\CommonController.class.php 第 88 行.
NOTIC: [8] Use of undefined constant DS - assumed 'DS' C:\xampp\htdocs\Application\Home\Controller\CommonController.class.php 第 88 行.
NOTIC: [8] Use of undefined constant ROOT_PATH - assumed 'ROOT_PATH' C:\xampp\htdocs\Application\Home\Controller\CommonController.class.php 第 89 行.
NOTIC: [8] Use of undefined constant DS - assumed 'DS' C:\xampp\htdocs\Application\Home\Controller\CommonController.class.php 第 89 行.
NOTIC: [8] Use of undefined constant DS - assumed 'DS' C:\xampp\htdocs\Application\Home\Controller\CommonController.class.php 第 86 行.
NOTIC: [8] Use of undefined constant DS - assumed 'DS' C:\xampp\htdocs\Application\Home\Controller\CommonController.class.php 第 86 行.
NOTIC: [8] Use of undefined constant ROOT_PATH - assumed 'ROOT_PATH' C:\xampp\htdocs\Application\Home\Controller\CommonController.class.php 第 87 行.
NOTIC: [8] Use of undefined constant DS - assumed 'DS' C:\xampp\htdocs\Application\Home\Controller\CommonController.class.php 第 87 行.
NOTIC: [8] Use of undefined constant DS - assumed 'DS' C:\xampp\htdocs\Application\Home\Controller\CommonController.class.php 第 88 行.
NOTIC: [8] Use of undefined constant DS - assumed 'DS' C:\xampp\htdocs\Application\Home\Controller\CommonController.class.php 第 88 行.
NOTIC: [8] Use of undefined constant ROOT_PATH - assumed 'ROOT_PATH' C:\xampp\htdocs\Application\Home\Controller\CommonController.class.php 第 89 行.
NOTIC: [8] Use of undefined constant DS - assumed 'DS' C:\xampp\htdocs\Application\Home\Controller\CommonController.class.php 第 89 行.
INFO: [ app_end ] --START--
INFO: Run Behavior\ShowPageTraceBehavior [ RunTime:0.000988s ]
INFO: [ app_end ] --END-- [ RunTime:0.001015s ]

[ 2018-07-27T11:45:17+08:00 ] ::1 /
INFO: [ app_init ] --START--
INFO: Run Behavior\BuildLiteBehavior [ RunTime:0.000008s ]
INFO: [ app_init ] --END-- [ RunTime:0.000603s ]
INFO: [ app_begin ] --START--
INFO: Run Behavior\ReadHtmlCacheBehavior [ RunTime:0.001423s ]
INFO: [ app_begin ] --END-- [ RunTime:0.001504s ]
NOTIC: [2] Declaration of Home\Controller\CommonController::ajaxReturn($data = Array, $type = '') should be compatible with Think\Controller::ajaxReturn($data, $type = '', $json_option = 0) C:\xampp\htdocs\Application\Home\Controller\CommonController.class.php 第 95 行.
NOTIC: [8] Use of undefined constant DS - assumed 'DS' C:\xampp\htdocs\Application\Home\Controller\CommonController.class.php 第 86 行.
NOTIC: [8] Use of undefined constant DS - assumed 'DS' C:\xampp\htdocs\Application\Home\Controller\CommonController.class.php 第 86 行.
NOTIC: [8] Use of undefined constant ROOT_PATH - assumed 'ROOT_PATH' C:\xampp\htdocs\Application\Home\Controller\CommonController.class.php 第 87 行.
NOTIC: [8] Use of undefined constant DS - assumed 'DS' C:\xampp\htdocs\Application\Home\Controller\CommonController.class.php 第 87 行.
NOTIC: [8] Use of undefined constant DS - assumed 'DS' C:\xampp\htdocs\Application\Home\Controller\CommonController.class.php 第 88 行.
NOTIC: [8] Use of undefined constant DS - assumed 'DS' C:\xampp\htdocs\Application\Home\Controller\CommonController.class.php 第 88 行.
NOTIC: [8] Use of undefined constant ROOT_PATH - assumed 'ROOT_PATH' C:\xampp\htdocs\Application\Home\Controller\CommonController.class.php 第 89 行.
NOTIC: [8] Use of undefined constant DS - assumed 'DS' C:\xampp\htdocs\Application\Home\Controller\CommonController.class.php 第 89 行.
INFO: [ app_end ] --START--
INFO: Run Behavior\ShowPageTraceBehavior [ RunTime:0.001322s ]
INFO: [ app_end ] --END-- [ RunTime:0.001356s ]

[ 2018-07-27T11:45:33+08:00 ] ::1 /
INFO: [ app_init ] --START--
INFO: Run Behavior\BuildLiteBehavior [ RunTime:0.000008s ]
INFO: [ app_init ] --END-- [ RunTime:0.000594s ]
INFO: [ app_begin ] --START--
INFO: Run Behavior\ReadHtmlCacheBehavior [ RunTime:0.001144s ]
INFO: [ app_begin ] --END-- [ RunTime:0.001200s ]
NOTIC: [2] Declaration of Home\Controller\CommonController::ajaxReturn($data = Array, $type = '') should be compatible with Think\Controller::ajaxReturn($data, $type = '', $json_option = 0) C:\xampp\htdocs\Application\Home\Controller\CommonController.class.php 第 95 行.
NOTIC: [8] Use of undefined constant DS - assumed 'DS' C:\xampp\htdocs\Application\Home\Controller\CommonController.class.php 第 86 行.
NOTIC: [8] Use of undefined constant DS - assumed 'DS' C:\xampp\htdocs\Application\Home\Controller\CommonController.class.php 第 86 行.
NOTIC: [8] Use of undefined constant ROOT_PATH - assumed 'ROOT_PATH' C:\xampp\htdocs\Application\Home\Controller\CommonController.class.php 第 87 行.
NOTIC: [8] Use of undefined constant DS - assumed 'DS' C:\xampp\htdocs\Application\Home\Controller\CommonController.class.php 第 87 行.
NOTIC: [8] Use of undefined constant DS - assumed 'DS' C:\xampp\htdocs\Application\Home\Controller\CommonController.class.php 第 88 行.
NOTIC: [8] Use of undefined constant DS - assumed 'DS' C:\xampp\htdocs\Application\Home\Controller\CommonController.class.php 第 88 行.
NOTIC: [8] Use of undefined constant ROOT_PATH - assumed 'ROOT_PATH' C:\xampp\htdocs\Application\Home\Controller\CommonController.class.php 第 89 行.
NOTIC: [8] Use of undefined constant DS - assumed 'DS' C:\xampp\htdocs\Application\Home\Controller\CommonController.class.php 第 89 行.
INFO: [ app_end ] --START--
INFO: Run Behavior\ShowPageTraceBehavior [ RunTime:0.001063s ]
INFO: [ app_end ] --END-- [ RunTime:0.001091s ]

[ 2018-07-27T11:45:52+08:00 ] ::1 /
INFO: [ app_init ] --START--
INFO: Run Behavior\BuildLiteBehavior [ RunTime:0.000008s ]
INFO: [ app_init ] --END-- [ RunTime:0.000670s ]
INFO: [ app_begin ] --START--
INFO: Run Behavior\ReadHtmlCacheBehavior [ RunTime:0.001025s ]
INFO: [ app_begin ] --END-- [ RunTime:0.001073s ]
NOTIC: [2] Declaration of Home\Controller\CommonController::ajaxReturn($data = Array, $type = '') should be compatible with Think\Controller::ajaxReturn($data, $type = '', $json_option = 0) C:\xampp\htdocs\Application\Home\Controller\CommonController.class.php 第 95 行.
NOTIC: [8] Use of undefined constant DS - assumed 'DS' C:\xampp\htdocs\Application\Home\Controller\CommonController.class.php 第 86 行.
NOTIC: [8] Use of undefined constant DS - assumed 'DS' C:\xampp\htdocs\Application\Home\Controller\CommonController.class.php 第 86 行.
NOTIC: [8] Use of undefined constant ROOT_PATH - assumed 'ROOT_PATH' C:\xampp\htdocs\Application\Home\Controller\CommonController.class.php 第 87 行.
NOTIC: [8] Use of undefined constant DS - assumed 'DS' C:\xampp\htdocs\Application\Home\Controller\CommonController.class.php 第 87 行.
NOTIC: [8] Use of undefined constant DS - assumed 'DS' C:\xampp\htdocs\Application\Home\Controller\CommonController.class.php 第 88 行.
NOTIC: [8] Use of undefined constant DS - assumed 'DS' C:\xampp\htdocs\Application\Home\Controller\CommonController.class.php 第 88 行.
NOTIC: [8] Use of undefined constant ROOT_PATH - assumed 'ROOT_PATH' C:\xampp\htdocs\Application\Home\Controller\CommonController.class.php 第 89 行.
NOTIC: [8] Use of undefined constant DS - assumed 'DS' C:\xampp\htdocs\Application\Home\Controller\CommonController.class.php 第 89 行.
INFO: [ app_end ] --START--
INFO: Run Behavior\ShowPageTraceBehavior [ RunTime:0.001071s ]
INFO: [ app_end ] --END-- [ RunTime:0.001099s ]

[ 2018-07-27T11:46:11+08:00 ] ::1 /
INFO: [ app_init ] --START--
INFO: Run Behavior\BuildLiteBehavior [ RunTime:0.000010s ]
INFO: [ app_init ] --END-- [ RunTime:0.000775s ]
INFO: [ app_begin ] --START--
INFO: Run Behavior\ReadHtmlCacheBehavior [ RunTime:0.001172s ]
INFO: [ app_begin ] --END-- [ RunTime:0.001226s ]
NOTIC: [2] Declaration of Home\Controller\CommonController::ajaxReturn($data = Array, $type = '') should be compatible with Think\Controller::ajaxReturn($data, $type = '', $json_option = 0) C:\xampp\htdocs\Application\Home\Controller\CommonController.class.php 第 95 行.
NOTIC: [8] Use of undefined constant DS - assumed 'DS' C:\xampp\htdocs\Application\Home\Controller\CommonController.class.php 第 86 行.
NOTIC: [8] Use of undefined constant DS - assumed 'DS' C:\xampp\htdocs\Application\Home\Controller\CommonController.class.php 第 86 行.
NOTIC: [8] Use of undefined constant ROOT_PATH - assumed 'ROOT_PATH' C:\xampp\htdocs\Application\Home\Controller\CommonController.class.php 第 87 行.
NOTIC: [8] Use of undefined constant DS - assumed 'DS' C:\xampp\htdocs\Application\Home\Controller\CommonController.class.php 第 87 行.
NOTIC: [8] Use of undefined constant DS - assumed 'DS' C:\xampp\htdocs\Application\Home\Controller\CommonController.class.php 第 88 行.
NOTIC: [8] Use of undefined constant DS - assumed 'DS' C:\xampp\htdocs\Application\Home\Controller\CommonController.class.php 第 88 行.
NOTIC: [8] Use of undefined constant ROOT_PATH - assumed 'ROOT_PATH' C:\xampp\htdocs\Application\Home\Controller\CommonController.class.php 第 89 行.
NOTIC: [8] Use of undefined constant DS - assumed 'DS' C:\xampp\htdocs\Application\Home\Controller\CommonController.class.php 第 89 行.
INFO: [ app_end ] --START--
INFO: Run Behavior\ShowPageTraceBehavior [ RunTime:0.000980s ]
INFO: [ app_end ] --END-- [ RunTime:0.001006s ]

[ 2018-07-27T11:46:41+08:00 ] ::1 /
INFO: [ app_init ] --START--
INFO: Run Behavior\BuildLiteBehavior [ RunTime:0.000011s ]
INFO: [ app_init ] --END-- [ RunTime:0.000733s ]
INFO: [ app_begin ] --START--
INFO: Run Behavior\ReadHtmlCacheBehavior [ RunTime:0.000990s ]
INFO: [ app_begin ] --END-- [ RunTime:0.001023s ]
NOTIC: [2] Declaration of Home\Controller\CommonController::ajaxReturn($data = Array, $type = '') should be compatible with Think\Controller::ajaxReturn($data, $type = '', $json_option = 0) C:\xampp\htdocs\Application\Home\Controller\CommonController.class.php 第 95 行.
INFO: [ app_end ] --START--
INFO: Run Behavior\ShowPageTraceBehavior [ RunTime:0.001006s ]
INFO: [ app_end ] --END-- [ RunTime:0.001035s ]

[ 2018-07-27T11:47:01+08:00 ] ::1 /
INFO: [ app_init ] --START--
INFO: Run Behavior\BuildLiteBehavior [ RunTime:0.000008s ]
INFO: [ app_init ] --END-- [ RunTime:0.000728s ]
INFO: [ app_begin ] --START--
INFO: Run Behavior\ReadHtmlCacheBehavior [ RunTime:0.000952s ]
INFO: [ app_begin ] --END-- [ RunTime:0.000980s ]
NOTIC: [2] Declaration of Home\Controller\CommonController::ajaxReturn($data = Array, $type = '') should be compatible with Think\Controller::ajaxReturn($data, $type = '', $json_option = 0) C:\xampp\htdocs\Application\Home\Controller\CommonController.class.php 第 95 行.
INFO: [ app_end ] --START--
INFO: Run Behavior\ShowPageTraceBehavior [ RunTime:0.001101s ]
INFO: [ app_end ] --END-- [ RunTime:0.001129s ]

[ 2018-07-27T11:47:18+08:00 ] ::1 /
INFO: [ app_init ] --START--
INFO: Run Behavior\BuildLiteBehavior [ RunTime:0.000008s ]
INFO: [ app_init ] --END-- [ RunTime:0.000763s ]
INFO: [ app_begin ] --START--
INFO: Run Behavior\ReadHtmlCacheBehavior [ RunTime:0.001402s ]
INFO: [ app_begin ] --END-- [ RunTime:0.001435s ]
NOTIC: [2] Declaration of Home\Controller\CommonController::ajaxReturn($data = Array, $type = '') should be compatible with Think\Controller::ajaxReturn($data, $type = '', $json_option = 0) C:\xampp\htdocs\Application\Home\Controller\CommonController.class.php 第 95 行.
NOTIC: [8] Use of undefined constant DS - assumed 'DS' C:\xampp\htdocs\Application\Home\Controller\CommonController.class.php 第 86 行.
NOTIC: [8] Use of undefined constant DS - assumed 'DS' C:\xampp\htdocs\Application\Home\Controller\CommonController.class.php 第 86 行.
NOTIC: [8] Use of undefined constant ROOT_PATH - assumed 'ROOT_PATH' C:\xampp\htdocs\Application\Home\Controller\CommonController.class.php 第 87 行.
NOTIC: [8] Use of undefined constant DS - assumed 'DS' C:\xampp\htdocs\Application\Home\Controller\CommonController.class.php 第 87 行.
NOTIC: [8] Use of undefined constant DS - assumed 'DS' C:\xampp\htdocs\Application\Home\Controller\CommonController.class.php 第 88 行.
NOTIC: [8] Use of undefined constant DS - assumed 'DS' C:\xampp\htdocs\Application\Home\Controller\CommonController.class.php 第 88 行.
NOTIC: [8] Use of undefined constant ROOT_PATH - assumed 'ROOT_PATH' C:\xampp\htdocs\Application\Home\Controller\CommonController.class.php 第 89 行.
NOTIC: [8] Use of undefined constant DS - assumed 'DS' C:\xampp\htdocs\Application\Home\Controller\CommonController.class.php 第 89 行.
INFO: [ app_end ] --START--
INFO: Run Behavior\ShowPageTraceBehavior [ RunTime:0.001425s ]
INFO: [ app_end ] --END-- [ RunTime:0.001453s ]

[ 2018-07-27T17:56:04+08:00 ] ::1 /
INFO: [ app_init ] --START--
INFO: Run Behavior\BuildLiteBehavior [ RunTime:0.000015s ]
INFO: [ app_init ] --END-- [ RunTime:0.012428s ]
INFO: [ app_begin ] --START--
INFO: Run Behavior\ReadHtmlCacheBehavior [ RunTime:0.006591s ]
INFO: [ app_begin ] --END-- [ RunTime:0.006632s ]
NOTIC: [2] Declaration of Home\Controller\CommonController::ajaxReturn($data = Array, $type = '') should be compatible with Think\Controller::ajaxReturn($data, $type = '', $json_option = 0) C:\xampp\htdocs\Application\Home\Controller\CommonController.class.php 第 95 行.
NOTIC: [8] Use of undefined constant DS - assumed 'DS' C:\xampp\htdocs\Application\Home\Controller\CommonController.class.php 第 86 行.
NOTIC: [8] Use of undefined constant DS - assumed 'DS' C:\xampp\htdocs\Application\Home\Controller\CommonController.class.php 第 86 行.
NOTIC: [8] Use of undefined constant ROOT_PATH - assumed 'ROOT_PATH' C:\xampp\htdocs\Application\Home\Controller\CommonController.class.php 第 87 行.
NOTIC: [8] Use of undefined constant DS - assumed 'DS' C:\xampp\htdocs\Application\Home\Controller\CommonController.class.php 第 87 行.
NOTIC: [8] Use of undefined constant DS - assumed 'DS' C:\xampp\htdocs\Application\Home\Controller\CommonController.class.php 第 88 行.
NOTIC: [8] Use of undefined constant DS - assumed 'DS' C:\xampp\htdocs\Application\Home\Controller\CommonController.class.php 第 88 行.
NOTIC: [8] Use of undefined constant ROOT_PATH - assumed 'ROOT_PATH' C:\xampp\htdocs\Application\Home\Controller\CommonController.class.php 第 89 行.
NOTIC: [8] Use of undefined constant DS - assumed 'DS' C:\xampp\htdocs\Application\Home\Controller\CommonController.class.php 第 89 行.
SQL: SHOW COLUMNS FROM `adv_cover` [ RunTime:0.0162s ]
SQL: SELECT * FROM `adv_cover` WHERE `type` = 2  [ RunTime:0.0132s ]
INFO: [ app_end ] --START--
INFO: Run Behavior\ShowPageTraceBehavior [ RunTime:0.010700s ]
INFO: [ app_end ] --END-- [ RunTime:0.010775s ]

[ 2018-07-27T17:58:03+08:00 ] ::1 /
INFO: [ app_init ] --START--
INFO: Run Behavior\BuildLiteBehavior [ RunTime:0.000009s ]
INFO: [ app_init ] --END-- [ RunTime:0.000791s ]
INFO: [ app_begin ] --START--
INFO: Run Behavior\ReadHtmlCacheBehavior [ RunTime:0.001387s ]
INFO: [ app_begin ] --END-- [ RunTime:0.001417s ]
NOTIC: [2] Declaration of Home\Controller\CommonController::ajaxReturn($data = Array, $type = '') should be compatible with Think\Controller::ajaxReturn($data, $type = '', $json_option = 0) C:\xampp\htdocs\Application\Home\Controller\CommonController.class.php 第 95 行.
NOTIC: [8] Use of undefined constant DS - assumed 'DS' C:\xampp\htdocs\Application\Home\Controller\CommonController.class.php 第 86 行.
NOTIC: [8] Use of undefined constant DS - assumed 'DS' C:\xampp\htdocs\Application\Home\Controller\CommonController.class.php 第 86 行.
NOTIC: [8] Use of undefined constant ROOT_PATH - assumed 'ROOT_PATH' C:\xampp\htdocs\Application\Home\Controller\CommonController.class.php 第 87 行.
NOTIC: [8] Use of undefined constant DS - assumed 'DS' C:\xampp\htdocs\Application\Home\Controller\CommonController.class.php 第 87 行.
NOTIC: [8] Use of undefined constant DS - assumed 'DS' C:\xampp\htdocs\Application\Home\Controller\CommonController.class.php 第 88 行.
NOTIC: [8] Use of undefined constant DS - assumed 'DS' C:\xampp\htdocs\Application\Home\Controller\CommonController.class.php 第 88 行.
NOTIC: [8] Use of undefined constant ROOT_PATH - assumed 'ROOT_PATH' C:\xampp\htdocs\Application\Home\Controller\CommonController.class.php 第 89 行.
NOTIC: [8] Use of undefined constant DS - assumed 'DS' C:\xampp\htdocs\Application\Home\Controller\CommonController.class.php 第 89 行.
SQL: SHOW COLUMNS FROM `adv_cover` [ RunTime:0.0071s ]
SQL: SELECT * FROM `adv_cover` WHERE `type` = 2 LIMIT 0,3   [ RunTime:0.0003s ]
INFO: [ app_end ] --START--
INFO: Run Behavior\ShowPageTraceBehavior [ RunTime:0.001383s ]
INFO: [ app_end ] --END-- [ RunTime:0.001413s ]

[ 2018-07-27T18:08:13+08:00 ] ::1 /
INFO: [ app_init ] --START--
INFO: Run Behavior\BuildLiteBehavior [ RunTime:0.000010s ]
INFO: [ app_init ] --END-- [ RunTime:0.000792s ]
INFO: [ app_begin ] --START--
INFO: Run Behavior\ReadHtmlCacheBehavior [ RunTime:0.001385s ]
INFO: [ app_begin ] --END-- [ RunTime:0.001412s ]
NOTIC: [2] Declaration of Home\Controller\CommonController::ajaxReturn($data = Array, $type = '') should be compatible with Think\Controller::ajaxReturn($data, $type = '', $json_option = 0) C:\xampp\htdocs\Application\Home\Controller\CommonController.class.php 第 95 行.
NOTIC: [8] Use of undefined constant DS - assumed 'DS' C:\xampp\htdocs\Application\Home\Controller\CommonController.class.php 第 86 行.
NOTIC: [8] Use of undefined constant DS - assumed 'DS' C:\xampp\htdocs\Application\Home\Controller\CommonController.class.php 第 86 行.
NOTIC: [8] Use of undefined constant ROOT_PATH - assumed 'ROOT_PATH' C:\xampp\htdocs\Application\Home\Controller\CommonController.class.php 第 87 行.
NOTIC: [8] Use of undefined constant DS - assumed 'DS' C:\xampp\htdocs\Application\Home\Controller\CommonController.class.php 第 87 行.
NOTIC: [8] Use of undefined constant DS - assumed 'DS' C:\xampp\htdocs\Application\Home\Controller\CommonController.class.php 第 88 行.
NOTIC: [8] Use of undefined constant DS - assumed 'DS' C:\xampp\htdocs\Application\Home\Controller\CommonController.class.php 第 88 行.
NOTIC: [8] Use of undefined constant ROOT_PATH - assumed 'ROOT_PATH' C:\xampp\htdocs\Application\Home\Controller\CommonController.class.php 第 89 行.
NOTIC: [8] Use of undefined constant DS - assumed 'DS' C:\xampp\htdocs\Application\Home\Controller\CommonController.class.php 第 89 行.
SQL: SHOW COLUMNS FROM `adv_cover` [ RunTime:0.0067s ]
SQL: SELECT * FROM `adv_cover` WHERE `type` = 2 ORDER BY rand() LIMIT 0,5   [ RunTime:0.0592s ]
INFO: [ app_end ] --START--
INFO: Run Behavior\ShowPageTraceBehavior [ RunTime:0.001413s ]
INFO: [ app_end ] --END-- [ RunTime:0.001438s ]

[ 2018-07-27T18:08:17+08:00 ] ::1 /
INFO: [ app_init ] --START--
INFO: Run Behavior\BuildLiteBehavior [ RunTime:0.000008s ]
INFO: [ app_init ] --END-- [ RunTime:0.000861s ]
INFO: [ app_begin ] --START--
INFO: Run Behavior\ReadHtmlCacheBehavior [ RunTime:0.001055s ]
INFO: [ app_begin ] --END-- [ RunTime:0.001082s ]
NOTIC: [2] Declaration of Home\Controller\CommonController::ajaxReturn($data = Array, $type = '') should be compatible with Think\Controller::ajaxReturn($data, $type = '', $json_option = 0) C:\xampp\htdocs\Application\Home\Controller\CommonController.class.php 第 95 行.
NOTIC: [8] Use of undefined constant DS - assumed 'DS' C:\xampp\htdocs\Application\Home\Controller\CommonController.class.php 第 86 行.
NOTIC: [8] Use of undefined constant DS - assumed 'DS' C:\xampp\htdocs\Application\Home\Controller\CommonController.class.php 第 86 行.
NOTIC: [8] Use of undefined constant ROOT_PATH - assumed 'ROOT_PATH' C:\xampp\htdocs\Application\Home\Controller\CommonController.class.php 第 87 行.
NOTIC: [8] Use of undefined constant DS - assumed 'DS' C:\xampp\htdocs\Application\Home\Controller\CommonController.class.php 第 87 行.
NOTIC: [8] Use of undefined constant DS - assumed 'DS' C:\xampp\htdocs\Application\Home\Controller\CommonController.class.php 第 88 行.
NOTIC: [8] Use of undefined constant DS - assumed 'DS' C:\xampp\htdocs\Application\Home\Controller\CommonController.class.php 第 88 行.
NOTIC: [8] Use of undefined constant ROOT_PATH - assumed 'ROOT_PATH' C:\xampp\htdocs\Application\Home\Controller\CommonController.class.php 第 89 行.
NOTIC: [8] Use of undefined constant DS - assumed 'DS' C:\xampp\htdocs\Application\Home\Controller\CommonController.class.php 第 89 行.
SQL: SHOW COLUMNS FROM `adv_cover` [ RunTime:0.0074s ]
SQL: SELECT * FROM `adv_cover` WHERE `type` = 2 ORDER BY rand() LIMIT 0,5   [ RunTime:0.0016s ]
INFO: [ app_end ] --START--
INFO: Run Behavior\ShowPageTraceBehavior [ RunTime:0.009258s ]
INFO: [ app_end ] --END-- [ RunTime:0.009284s ]

[ 2018-07-27T18:08:20+08:00 ] ::1 /
INFO: [ app_init ] --START--
INFO: Run Behavior\BuildLiteBehavior [ RunTime:0.000009s ]
INFO: [ app_init ] --END-- [ RunTime:0.000590s ]
INFO: [ app_begin ] --START--
INFO: Run Behavior\ReadHtmlCacheBehavior [ RunTime:0.001024s ]
INFO: [ app_begin ] --END-- [ RunTime:0.001056s ]
NOTIC: [2] Declaration of Home\Controller\CommonController::ajaxReturn($data = Array, $type = '') should be compatible with Think\Controller::ajaxReturn($data, $type = '', $json_option = 0) C:\xampp\htdocs\Application\Home\Controller\CommonController.class.php 第 95 行.
NOTIC: [8] Use of undefined constant DS - assumed 'DS' C:\xampp\htdocs\Application\Home\Controller\CommonController.class.php 第 86 行.
NOTIC: [8] Use of undefined constant DS - assumed 'DS' C:\xampp\htdocs\Application\Home\Controller\CommonController.class.php 第 86 行.
NOTIC: [8] Use of undefined constant ROOT_PATH - assumed 'ROOT_PATH' C:\xampp\htdocs\Application\Home\Controller\CommonController.class.php 第 87 行.
NOTIC: [8] Use of undefined constant DS - assumed 'DS' C:\xampp\htdocs\Application\Home\Controller\CommonController.class.php 第 87 行.
NOTIC: [8] Use of undefined constant DS - assumed 'DS' C:\xampp\htdocs\Application\Home\Controller\CommonController.class.php 第 88 行.
NOTIC: [8] Use of undefined constant DS - assumed 'DS' C:\xampp\htdocs\Application\Home\Controller\CommonController.class.php 第 88 行.
NOTIC: [8] Use of undefined constant ROOT_PATH - assumed 'ROOT_PATH' C:\xampp\htdocs\Application\Home\Controller\CommonController.class.php 第 89 行.
NOTIC: [8] Use of undefined constant DS - assumed 'DS' C:\xampp\htdocs\Application\Home\Controller\CommonController.class.php 第 89 行.
SQL: SHOW COLUMNS FROM `adv_cover` [ RunTime:0.0078s ]
SQL: SELECT * FROM `adv_cover` WHERE `type` = 2 ORDER BY rand() LIMIT 0,5   [ RunTime:0.0009s ]
INFO: [ app_end ] --START--
INFO: Run Behavior\ShowPageTraceBehavior [ RunTime:0.001139s ]
INFO: [ app_end ] --END-- [ RunTime:0.001165s ]

[ 2018-07-27T18:08:23+08:00 ] ::1 /
INFO: [ app_init ] --START--
INFO: Run Behavior\BuildLiteBehavior [ RunTime:0.000009s ]
INFO: [ app_init ] --END-- [ RunTime:0.000736s ]
INFO: [ app_begin ] --START--
INFO: Run Behavior\ReadHtmlCacheBehavior [ RunTime:0.001040s ]
INFO: [ app_begin ] --END-- [ RunTime:0.001068s ]
NOTIC: [2] Declaration of Home\Controller\CommonController::ajaxReturn($data = Array, $type = '') should be compatible with Think\Controller::ajaxReturn($data, $type = '', $json_option = 0) C:\xampp\htdocs\Application\Home\Controller\CommonController.class.php 第 95 行.
NOTIC: [8] Use of undefined constant DS - assumed 'DS' C:\xampp\htdocs\Application\Home\Controller\CommonController.class.php 第 86 行.
NOTIC: [8] Use of undefined constant DS - assumed 'DS' C:\xampp\htdocs\Application\Home\Controller\CommonController.class.php 第 86 行.
NOTIC: [8] Use of undefined constant ROOT_PATH - assumed 'ROOT_PATH' C:\xampp\htdocs\Application\Home\Controller\CommonController.class.php 第 87 行.
NOTIC: [8] Use of undefined constant DS - assumed 'DS' C:\xampp\htdocs\Application\Home\Controller\CommonController.class.php 第 87 行.
NOTIC: [8] Use of undefined constant DS - assumed 'DS' C:\xampp\htdocs\Application\Home\Controller\CommonController.class.php 第 88 行.
NOTIC: [8] Use of undefined constant DS - assumed 'DS' C:\xampp\htdocs\Application\Home\Controller\CommonController.class.php 第 88 行.
NOTIC: [8] Use of undefined constant ROOT_PATH - assumed 'ROOT_PATH' C:\xampp\htdocs\Application\Home\Controller\CommonController.class.php 第 89 行.
NOTIC: [8] Use of undefined constant DS - assumed 'DS' C:\xampp\htdocs\Application\Home\Controller\CommonController.class.php 第 89 行.
SQL: SHOW COLUMNS FROM `adv_cover` [ RunTime:0.0077s ]
SQL: SELECT * FROM `adv_cover` WHERE `type` = 2 ORDER BY rand() LIMIT 0,5   [ RunTime:0.0009s ]
INFO: [ app_end ] --START--
INFO: Run Behavior\ShowPageTraceBehavior [ RunTime:0.001182s ]
INFO: [ app_end ] --END-- [ RunTime:0.001218s ]

[ 2018-07-27T18:08:54+08:00 ] ::1 /
INFO: [ app_init ] --START--
INFO: Run Behavior\BuildLiteBehavior [ RunTime:0.000008s ]
INFO: [ app_init ] --END-- [ RunTime:0.000774s ]
INFO: [ app_begin ] --START--
INFO: Run Behavior\ReadHtmlCacheBehavior [ RunTime:0.001313s ]
INFO: [ app_begin ] --END-- [ RunTime:0.001341s ]
NOTIC: [2] Declaration of Home\Controller\CommonController::ajaxReturn($data = Array, $type = '') should be compatible with Think\Controller::ajaxReturn($data, $type = '', $json_option = 0) C:\xampp\htdocs\Application\Home\Controller\CommonController.class.php 第 95 行.
NOTIC: [8] Use of undefined constant DS - assumed 'DS' C:\xampp\htdocs\Application\Home\Controller\CommonController.class.php 第 86 行.
NOTIC: [8] Use of undefined constant DS - assumed 'DS' C:\xampp\htdocs\Application\Home\Controller\CommonController.class.php 第 86 行.
NOTIC: [8] Use of undefined constant ROOT_PATH - assumed 'ROOT_PATH' C:\xampp\htdocs\Application\Home\Controller\CommonController.class.php 第 87 行.
NOTIC: [8] Use of undefined constant DS - assumed 'DS' C:\xampp\htdocs\Application\Home\Controller\CommonController.class.php 第 87 行.
NOTIC: [8] Use of undefined constant DS - assumed 'DS' C:\xampp\htdocs\Application\Home\Controller\CommonController.class.php 第 88 行.
NOTIC: [8] Use of undefined constant DS - assumed 'DS' C:\xampp\htdocs\Application\Home\Controller\CommonController.class.php 第 88 行.
NOTIC: [8] Use of undefined constant ROOT_PATH - assumed 'ROOT_PATH' C:\xampp\htdocs\Application\Home\Controller\CommonController.class.php 第 89 行.
NOTIC: [8] Use of undefined constant DS - assumed 'DS' C:\xampp\htdocs\Application\Home\Controller\CommonController.class.php 第 89 行.
SQL: SHOW COLUMNS FROM `adv_cover` [ RunTime:0.0081s ]
SQL: SELECT * FROM `adv_cover` WHERE `type` = 2 ORDER BY rand() LIMIT 0,5   [ RunTime:0.0010s ]
INFO: [ app_end ] --START--
INFO: Run Behavior\ShowPageTraceBehavior [ RunTime:0.001486s ]
INFO: [ app_end ] --END-- [ RunTime:0.001513s ]

[ 2018-07-27T18:08:56+08:00 ] ::1 /
INFO: [ app_init ] --START--
INFO: Run Behavior\BuildLiteBehavior [ RunTime:0.000008s ]
INFO: [ app_init ] --END-- [ RunTime:0.000592s ]
INFO: [ app_begin ] --START--
INFO: Run Behavior\ReadHtmlCacheBehavior [ RunTime:0.001104s ]
INFO: [ app_begin ] --END-- [ RunTime:0.001136s ]
NOTIC: [2] Declaration of Home\Controller\CommonController::ajaxReturn($data = Array, $type = '') should be compatible with Think\Controller::ajaxReturn($data, $type = '', $json_option = 0) C:\xampp\htdocs\Application\Home\Controller\CommonController.class.php 第 95 行.
NOTIC: [8] Use of undefined constant DS - assumed 'DS' C:\xampp\htdocs\Application\Home\Controller\CommonController.class.php 第 86 行.
NOTIC: [8] Use of undefined constant DS - assumed 'DS' C:\xampp\htdocs\Application\Home\Controller\CommonController.class.php 第 86 行.
NOTIC: [8] Use of undefined constant ROOT_PATH - assumed 'ROOT_PATH' C:\xampp\htdocs\Application\Home\Controller\CommonController.class.php 第 87 行.
NOTIC: [8] Use of undefined constant DS - assumed 'DS' C:\xampp\htdocs\Application\Home\Controller\CommonController.class.php 第 87 行.
NOTIC: [8] Use of undefined constant DS - assumed 'DS' C:\xampp\htdocs\Application\Home\Controller\CommonController.class.php 第 88 行.
NOTIC: [8] Use of undefined constant DS - assumed 'DS' C:\xampp\htdocs\Application\Home\Controller\CommonController.class.php 第 88 行.
NOTIC: [8] Use of undefined constant ROOT_PATH - assumed 'ROOT_PATH' C:\xampp\htdocs\Application\Home\Controller\CommonController.class.php 第 89 行.
NOTIC: [8] Use of undefined constant DS - assumed 'DS' C:\xampp\htdocs\Application\Home\Controller\CommonController.class.php 第 89 行.
SQL: SHOW COLUMNS FROM `adv_cover` [ RunTime:0.0073s ]
SQL: SELECT * FROM `adv_cover` WHERE `type` = 2 ORDER BY rand() LIMIT 0,5   [ RunTime:0.0009s ]
INFO: [ app_end ] --START--
INFO: Run Behavior\ShowPageTraceBehavior [ RunTime:0.001170s ]
INFO: [ app_end ] --END-- [ RunTime:0.001199s ]

[ 2018-07-27T18:10:37+08:00 ] ::1 /
INFO: [ app_init ] --START--
INFO: Run Behavior\BuildLiteBehavior [ RunTime:0.000009s ]
INFO: [ app_init ] --END-- [ RunTime:0.000953s ]
INFO: [ app_begin ] --START--
INFO: Run Behavior\ReadHtmlCacheBehavior [ RunTime:0.001532s ]
INFO: [ app_begin ] --END-- [ RunTime:0.001571s ]
NOTIC: [2] Declaration of Home\Controller\CommonController::ajaxReturn($data = Array, $type = '') should be compatible with Think\Controller::ajaxReturn($data, $type = '', $json_option = 0) C:\xampp\htdocs\Application\Home\Controller\CommonController.class.php 第 95 行.
NOTIC: [8] Use of undefined constant DS - assumed 'DS' C:\xampp\htdocs\Application\Home\Controller\CommonController.class.php 第 86 行.
NOTIC: [8] Use of undefined constant DS - assumed 'DS' C:\xampp\htdocs\Application\Home\Controller\CommonController.class.php 第 86 行.
NOTIC: [8] Use of undefined constant ROOT_PATH - assumed 'ROOT_PATH' C:\xampp\htdocs\Application\Home\Controller\CommonController.class.php 第 87 行.
NOTIC: [8] Use of undefined constant DS - assumed 'DS' C:\xampp\htdocs\Application\Home\Controller\CommonController.class.php 第 87 行.
NOTIC: [8] Use of undefined constant DS - assumed 'DS' C:\xampp\htdocs\Application\Home\Controller\CommonController.class.php 第 88 行.
NOTIC: [8] Use of undefined constant DS - assumed 'DS' C:\xampp\htdocs\Application\Home\Controller\CommonController.class.php 第 88 行.
NOTIC: [8] Use of undefined constant ROOT_PATH - assumed 'ROOT_PATH' C:\xampp\htdocs\Application\Home\Controller\CommonController.class.php 第 89 行.
NOTIC: [8] Use of undefined constant DS - assumed 'DS' C:\xampp\htdocs\Application\Home\Controller\CommonController.class.php 第 89 行.
SQL: SHOW COLUMNS FROM `adv_cover` [ RunTime:0.0071s ]
SQL: SELECT * FROM `adv_cover` WHERE `type` = '02' ORDER BY rand() LIMIT 0,1   [ RunTime:0.0012s ]
INFO: [ app_end ] --START--
INFO: Run Behavior\ShowPageTraceBehavior [ RunTime:0.001391s ]
INFO: [ app_end ] --END-- [ RunTime:0.001420s ]

[ 2018-07-27T18:10:42+08:00 ] ::1 /
INFO: [ app_init ] --START--
INFO: Run Behavior\BuildLiteBehavior [ RunTime:0.000009s ]
INFO: [ app_init ] --END-- [ RunTime:0.000615s ]
INFO: [ app_begin ] --START--
INFO: Run Behavior\ReadHtmlCacheBehavior [ RunTime:0.001027s ]
INFO: [ app_begin ] --END-- [ RunTime:0.001061s ]
NOTIC: [2] Declaration of Home\Controller\CommonController::ajaxReturn($data = Array, $type = '') should be compatible with Think\Controller::ajaxReturn($data, $type = '', $json_option = 0) C:\xampp\htdocs\Application\Home\Controller\CommonController.class.php 第 95 行.
NOTIC: [8] Use of undefined constant DS - assumed 'DS' C:\xampp\htdocs\Application\Home\Controller\CommonController.class.php 第 86 行.
NOTIC: [8] Use of undefined constant DS - assumed 'DS' C:\xampp\htdocs\Application\Home\Controller\CommonController.class.php 第 86 行.
NOTIC: [8] Use of undefined constant ROOT_PATH - assumed 'ROOT_PATH' C:\xampp\htdocs\Application\Home\Controller\CommonController.class.php 第 87 行.
NOTIC: [8] Use of undefined constant DS - assumed 'DS' C:\xampp\htdocs\Application\Home\Controller\CommonController.class.php 第 87 行.
NOTIC: [8] Use of undefined constant DS - assumed 'DS' C:\xampp\htdocs\Application\Home\Controller\CommonController.class.php 第 88 行.
NOTIC: [8] Use of undefined constant DS - assumed 'DS' C:\xampp\htdocs\Application\Home\Controller\CommonController.class.php 第 88 行.
NOTIC: [8] Use of undefined constant ROOT_PATH - assumed 'ROOT_PATH' C:\xampp\htdocs\Application\Home\Controller\CommonController.class.php 第 89 行.
NOTIC: [8] Use of undefined constant DS - assumed 'DS' C:\xampp\htdocs\Application\Home\Controller\CommonController.class.php 第 89 行.
SQL: SHOW COLUMNS FROM `adv_cover` [ RunTime:0.0082s ]
SQL: SELECT * FROM `adv_cover` WHERE `type` = '02' ORDER BY rand() LIMIT 0,1   [ RunTime:0.0009s ]
INFO: [ app_end ] --START--
INFO: Run Behavior\ShowPageTraceBehavior [ RunTime:0.001152s ]
INFO: [ app_end ] --END-- [ RunTime:0.001179s ]

[ 2018-07-27T18:10:45+08:00 ] ::1 /
INFO: [ app_init ] --START--
INFO: Run Behavior\BuildLiteBehavior [ RunTime:0.000007s ]
INFO: [ app_init ] --END-- [ RunTime:0.000594s ]
INFO: [ app_begin ] --START--
INFO: Run Behavior\ReadHtmlCacheBehavior [ RunTime:0.001142s ]
INFO: [ app_begin ] --END-- [ RunTime:0.001192s ]
NOTIC: [2] Declaration of Home\Controller\CommonController::ajaxReturn($data = Array, $type = '') should be compatible with Think\Controller::ajaxReturn($data, $type = '', $json_option = 0) C:\xampp\htdocs\Application\Home\Controller\CommonController.class.php 第 95 行.
NOTIC: [8] Use of undefined constant DS - assumed 'DS' C:\xampp\htdocs\Application\Home\Controller\CommonController.class.php 第 86 行.
NOTIC: [8] Use of undefined constant DS - assumed 'DS' C:\xampp\htdocs\Application\Home\Controller\CommonController.class.php 第 86 行.
NOTIC: [8] Use of undefined constant ROOT_PATH - assumed 'ROOT_PATH' C:\xampp\htdocs\Application\Home\Controller\CommonController.class.php 第 87 行.
NOTIC: [8] Use of undefined constant DS - assumed 'DS' C:\xampp\htdocs\Application\Home\Controller\CommonController.class.php 第 87 行.
NOTIC: [8] Use of undefined constant DS - assumed 'DS' C:\xampp\htdocs\Application\Home\Controller\CommonController.class.php 第 88 行.
NOTIC: [8] Use of undefined constant DS - assumed 'DS' C:\xampp\htdocs\Application\Home\Controller\CommonController.class.php 第 88 行.
NOTIC: [8] Use of undefined constant ROOT_PATH - assumed 'ROOT_PATH' C:\xampp\htdocs\Application\Home\Controller\CommonController.class.php 第 89 行.
NOTIC: [8] Use of undefined constant DS - assumed 'DS' C:\xampp\htdocs\Application\Home\Controller\CommonController.class.php 第 89 行.
SQL: SHOW COLUMNS FROM `adv_cover` [ RunTime:0.0077s ]
SQL: SELECT * FROM `adv_cover` WHERE `type` = '02' ORDER BY rand() LIMIT 0,1   [ RunTime:0.0009s ]
INFO: [ app_end ] --START--
INFO: Run Behavior\ShowPageTraceBehavior [ RunTime:0.001183s ]
INFO: [ app_end ] --END-- [ RunTime:0.001207s ]

[ 2018-07-27T18:10:46+08:00 ] ::1 /
INFO: [ app_init ] --START--
INFO: Run Behavior\BuildLiteBehavior [ RunTime:0.000009s ]
INFO: [ app_init ] --END-- [ RunTime:0.000738s ]
INFO: [ app_begin ] --START--
INFO: Run Behavior\ReadHtmlCacheBehavior [ RunTime:0.001236s ]
INFO: [ app_begin ] --END-- [ RunTime:0.001268s ]
NOTIC: [2] Declaration of Home\Controller\CommonController::ajaxReturn($data = Array, $type = '') should be compatible with Think\Controller::ajaxReturn($data, $type = '', $json_option = 0) C:\xampp\htdocs\Application\Home\Controller\CommonController.class.php 第 95 行.
NOTIC: [8] Use of undefined constant DS - assumed 'DS' C:\xampp\htdocs\Application\Home\Controller\CommonController.class.php 第 86 行.
NOTIC: [8] Use of undefined constant DS - assumed 'DS' C:\xampp\htdocs\Application\Home\Controller\CommonController.class.php 第 86 行.
NOTIC: [8] Use of undefined constant ROOT_PATH - assumed 'ROOT_PATH' C:\xampp\htdocs\Application\Home\Controller\CommonController.class.php 第 87 行.
NOTIC: [8] Use of undefined constant DS - assumed 'DS' C:\xampp\htdocs\Application\Home\Controller\CommonController.class.php 第 87 行.
NOTIC: [8] Use of undefined constant DS - assumed 'DS' C:\xampp\htdocs\Application\Home\Controller\CommonController.class.php 第 88 行.
NOTIC: [8] Use of undefined constant DS - assumed 'DS' C:\xampp\htdocs\Application\Home\Controller\CommonController.class.php 第 88 行.
NOTIC: [8] Use of undefined constant ROOT_PATH - assumed 'ROOT_PATH' C:\xampp\htdocs\Application\Home\Controller\CommonController.class.php 第 89 行.
NOTIC: [8] Use of undefined constant DS - assumed 'DS' C:\xampp\htdocs\Application\Home\Controller\CommonController.class.php 第 89 行.
SQL: SHOW COLUMNS FROM `adv_cover` [ RunTime:0.0066s ]
SQL: SELECT * FROM `adv_cover` WHERE `type` = '02' ORDER BY rand() LIMIT 0,1   [ RunTime:0.0009s ]
INFO: [ app_end ] --START--
INFO: Run Behavior\ShowPageTraceBehavior [ RunTime:0.001137s ]
INFO: [ app_end ] --END-- [ RunTime:0.001163s ]

[ 2018-07-27T18:10:48+08:00 ] ::1 /
INFO: [ app_init ] --START--
INFO: Run Behavior\BuildLiteBehavior [ RunTime:0.000008s ]
INFO: [ app_init ] --END-- [ RunTime:0.000611s ]
INFO: [ app_begin ] --START--
INFO: Run Behavior\ReadHtmlCacheBehavior [ RunTime:0.001130s ]
INFO: [ app_begin ] --END-- [ RunTime:0.001167s ]
NOTIC: [2] Declaration of Home\Controller\CommonController::ajaxReturn($data = Array, $type = '') should be compatible with Think\Controller::ajaxReturn($data, $type = '', $json_option = 0) C:\xampp\htdocs\Application\Home\Controller\CommonController.class.php 第 95 行.
NOTIC: [8] Use of undefined constant DS - assumed 'DS' C:\xampp\htdocs\Application\Home\Controller\CommonController.class.php 第 86 行.
NOTIC: [8] Use of undefined constant DS - assumed 'DS' C:\xampp\htdocs\Application\Home\Controller\CommonController.class.php 第 86 行.
NOTIC: [8] Use of undefined constant ROOT_PATH - assumed 'ROOT_PATH' C:\xampp\htdocs\Application\Home\Controller\CommonController.class.php 第 87 行.
NOTIC: [8] Use of undefined constant DS - assumed 'DS' C:\xampp\htdocs\Application\Home\Controller\CommonController.class.php 第 87 行.
NOTIC: [8] Use of undefined constant DS - assumed 'DS' C:\xampp\htdocs\Application\Home\Controller\CommonController.class.php 第 88 行.
NOTIC: [8] Use of undefined constant DS - assumed 'DS' C:\xampp\htdocs\Application\Home\Controller\CommonController.class.php 第 88 行.
NOTIC: [8] Use of undefined constant ROOT_PATH - assumed 'ROOT_PATH' C:\xampp\htdocs\Application\Home\Controller\CommonController.class.php 第 89 行.
NOTIC: [8] Use of undefined constant DS - assumed 'DS' C:\xampp\htdocs\Application\Home\Controller\CommonController.class.php 第 89 行.
SQL: SHOW COLUMNS FROM `adv_cover` [ RunTime:0.0067s ]
SQL: SELECT * FROM `adv_cover` WHERE `type` = '02' ORDER BY rand() LIMIT 0,1   [ RunTime:0.0009s ]
INFO: [ app_end ] --START--
INFO: Run Behavior\ShowPageTraceBehavior [ RunTime:0.001658s ]
INFO: [ app_end ] --END-- [ RunTime:0.001709s ]

[ 2018-07-27T18:11:02+08:00 ] ::1 /
INFO: [ app_init ] --START--
INFO: Run Behavior\BuildLiteBehavior [ RunTime:0.000009s ]
INFO: [ app_init ] --END-- [ RunTime:0.000802s ]
INFO: [ app_begin ] --START--
INFO: Run Behavior\ReadHtmlCacheBehavior [ RunTime:0.001055s ]
INFO: [ app_begin ] --END-- [ RunTime:0.001084s ]
NOTIC: [2] Declaration of Home\Controller\CommonController::ajaxReturn($data = Array, $type = '') should be compatible with Think\Controller::ajaxReturn($data, $type = '', $json_option = 0) C:\xampp\htdocs\Application\Home\Controller\CommonController.class.php 第 95 行.
NOTIC: [8] Use of undefined constant DS - assumed 'DS' C:\xampp\htdocs\Application\Home\Controller\CommonController.class.php 第 86 行.
NOTIC: [8] Use of undefined constant DS - assumed 'DS' C:\xampp\htdocs\Application\Home\Controller\CommonController.class.php 第 86 行.
NOTIC: [8] Use of undefined constant ROOT_PATH - assumed 'ROOT_PATH' C:\xampp\htdocs\Application\Home\Controller\CommonController.class.php 第 87 行.
NOTIC: [8] Use of undefined constant DS - assumed 'DS' C:\xampp\htdocs\Application\Home\Controller\CommonController.class.php 第 87 行.
NOTIC: [8] Use of undefined constant DS - assumed 'DS' C:\xampp\htdocs\Application\Home\Controller\CommonController.class.php 第 88 行.
NOTIC: [8] Use of undefined constant DS - assumed 'DS' C:\xampp\htdocs\Application\Home\Controller\CommonController.class.php 第 88 行.
NOTIC: [8] Use of undefined constant ROOT_PATH - assumed 'ROOT_PATH' C:\xampp\htdocs\Application\Home\Controller\CommonController.class.php 第 89 行.
NOTIC: [8] Use of undefined constant DS - assumed 'DS' C:\xampp\htdocs\Application\Home\Controller\CommonController.class.php 第 89 行.
SQL: SHOW COLUMNS FROM `adv_cover` [ RunTime:0.0065s ]
SQL: SELECT * FROM `adv_cover` WHERE `type` = '02' LIMIT 0,1   [ RunTime:0.0003s ]
INFO: [ app_end ] --START--
INFO: Run Behavior\ShowPageTraceBehavior [ RunTime:0.001181s ]
INFO: [ app_end ] --END-- [ RunTime:0.001209s ]

[ 2018-07-27T18:11:04+08:00 ] ::1 /
INFO: [ app_init ] --START--
INFO: Run Behavior\BuildLiteBehavior [ RunTime:0.000008s ]
INFO: [ app_init ] --END-- [ RunTime:0.000606s ]
INFO: [ app_begin ] --START--
INFO: Run Behavior\ReadHtmlCacheBehavior [ RunTime:0.001188s ]
INFO: [ app_begin ] --END-- [ RunTime:0.001236s ]
NOTIC: [2] Declaration of Home\Controller\CommonController::ajaxReturn($data = Array, $type = '') should be compatible with Think\Controller::ajaxReturn($data, $type = '', $json_option = 0) C:\xampp\htdocs\Application\Home\Controller\CommonController.class.php 第 95 行.
NOTIC: [8] Use of undefined constant DS - assumed 'DS' C:\xampp\htdocs\Application\Home\Controller\CommonController.class.php 第 86 行.
NOTIC: [8] Use of undefined constant DS - assumed 'DS' C:\xampp\htdocs\Application\Home\Controller\CommonController.class.php 第 86 行.
NOTIC: [8] Use of undefined constant ROOT_PATH - assumed 'ROOT_PATH' C:\xampp\htdocs\Application\Home\Controller\CommonController.class.php 第 87 行.
NOTIC: [8] Use of undefined constant DS - assumed 'DS' C:\xampp\htdocs\Application\Home\Controller\CommonController.class.php 第 87 行.
NOTIC: [8] Use of undefined constant DS - assumed 'DS' C:\xampp\htdocs\Application\Home\Controller\CommonController.class.php 第 88 行.
NOTIC: [8] Use of undefined constant DS - assumed 'DS' C:\xampp\htdocs\Application\Home\Controller\CommonController.class.php 第 88 行.
NOTIC: [8] Use of undefined constant ROOT_PATH - assumed 'ROOT_PATH' C:\xampp\htdocs\Application\Home\Controller\CommonController.class.php 第 89 行.
NOTIC: [8] Use of undefined constant DS - assumed 'DS' C:\xampp\htdocs\Application\Home\Controller\CommonController.class.php 第 89 行.
SQL: SHOW COLUMNS FROM `adv_cover` [ RunTime:0.0075s ]
SQL: SELECT * FROM `adv_cover` WHERE `type` = '02' LIMIT 0,1   [ RunTime:0.0003s ]
INFO: [ app_end ] --START--
INFO: Run Behavior\ShowPageTraceBehavior [ RunTime:0.001157s ]
INFO: [ app_end ] --END-- [ RunTime:0.001184s ]

[ 2018-07-27T18:11:06+08:00 ] ::1 /
INFO: [ app_init ] --START--
INFO: Run Behavior\BuildLiteBehavior [ RunTime:0.000008s ]
INFO: [ app_init ] --END-- [ RunTime:0.000633s ]
INFO: [ app_begin ] --START--
INFO: Run Behavior\ReadHtmlCacheBehavior [ RunTime:0.001138s ]
INFO: [ app_begin ] --END-- [ RunTime:0.001187s ]
NOTIC: [2] Declaration of Home\Controller\CommonController::ajaxReturn($data = Array, $type = '') should be compatible with Think\Controller::ajaxReturn($data, $type = '', $json_option = 0) C:\xampp\htdocs\Application\Home\Controller\CommonController.class.php 第 95 行.
NOTIC: [8] Use of undefined constant DS - assumed 'DS' C:\xampp\htdocs\Application\Home\Controller\CommonController.class.php 第 86 行.
NOTIC: [8] Use of undefined constant DS - assumed 'DS' C:\xampp\htdocs\Application\Home\Controller\CommonController.class.php 第 86 行.
NOTIC: [8] Use of undefined constant ROOT_PATH - assumed 'ROOT_PATH' C:\xampp\htdocs\Application\Home\Controller\CommonController.class.php 第 87 行.
NOTIC: [8] Use of undefined constant DS - assumed 'DS' C:\xampp\htdocs\Application\Home\Controller\CommonController.class.php 第 87 行.
NOTIC: [8] Use of undefined constant DS - assumed 'DS' C:\xampp\htdocs\Application\Home\Controller\CommonController.class.php 第 88 行.
NOTIC: [8] Use of undefined constant DS - assumed 'DS' C:\xampp\htdocs\Application\Home\Controller\CommonController.class.php 第 88 行.
NOTIC: [8] Use of undefined constant ROOT_PATH - assumed 'ROOT_PATH' C:\xampp\htdocs\Application\Home\Controller\CommonController.class.php 第 89 行.
NOTIC: [8] Use of undefined constant DS - assumed 'DS' C:\xampp\htdocs\Application\Home\Controller\CommonController.class.php 第 89 行.
SQL: SHOW COLUMNS FROM `adv_cover` [ RunTime:0.0073s ]
SQL: SELECT * FROM `adv_cover` WHERE `type` = '02' LIMIT 0,1   [ RunTime:0.0003s ]
INFO: [ app_end ] --START--
INFO: Run Behavior\ShowPageTraceBehavior [ RunTime:0.001187s ]
INFO: [ app_end ] --END-- [ RunTime:0.001220s ]

[ 2018-07-27T18:11:08+08:00 ] ::1 /
INFO: [ app_init ] --START--
INFO: Run Behavior\BuildLiteBehavior [ RunTime:0.000008s ]
INFO: [ app_init ] --END-- [ RunTime:0.000638s ]
INFO: [ app_begin ] --START--
INFO: Run Behavior\ReadHtmlCacheBehavior [ RunTime:0.001030s ]
INFO: [ app_begin ] --END-- [ RunTime:0.001061s ]
NOTIC: [2] Declaration of Home\Controller\CommonController::ajaxReturn($data = Array, $type = '') should be compatible with Think\Controller::ajaxReturn($data, $type = '', $json_option = 0) C:\xampp\htdocs\Application\Home\Controller\CommonController.class.php 第 95 行.
NOTIC: [8] Use of undefined constant DS - assumed 'DS' C:\xampp\htdocs\Application\Home\Controller\CommonController.class.php 第 86 行.
NOTIC: [8] Use of undefined constant DS - assumed 'DS' C:\xampp\htdocs\Application\Home\Controller\CommonController.class.php 第 86 行.
NOTIC: [8] Use of undefined constant ROOT_PATH - assumed 'ROOT_PATH' C:\xampp\htdocs\Application\Home\Controller\CommonController.class.php 第 87 行.
NOTIC: [8] Use of undefined constant DS - assumed 'DS' C:\xampp\htdocs\Application\Home\Controller\CommonController.class.php 第 87 行.
NOTIC: [8] Use of undefined constant DS - assumed 'DS' C:\xampp\htdocs\Application\Home\Controller\CommonController.class.php 第 88 行.
NOTIC: [8] Use of undefined constant DS - assumed 'DS' C:\xampp\htdocs\Application\Home\Controller\CommonController.class.php 第 88 行.
NOTIC: [8] Use of undefined constant ROOT_PATH - assumed 'ROOT_PATH' C:\xampp\htdocs\Application\Home\Controller\CommonController.class.php 第 89 行.
NOTIC: [8] Use of undefined constant DS - assumed 'DS' C:\xampp\htdocs\Application\Home\Controller\CommonController.class.php 第 89 行.
SQL: SHOW COLUMNS FROM `adv_cover` [ RunTime:0.0081s ]
SQL: SELECT * FROM `adv_cover` WHERE `type` = '02' LIMIT 0,1   [ RunTime:0.0003s ]
INFO: [ app_end ] --START--
INFO: Run Behavior\ShowPageTraceBehavior [ RunTime:0.001325s ]
INFO: [ app_end ] --END-- [ RunTime:0.001354s ]

[ 2018-07-27T18:11:34+08:00 ] ::1 /
INFO: [ app_init ] --START--
INFO: Run Behavior\BuildLiteBehavior [ RunTime:0.000008s ]
INFO: [ app_init ] --END-- [ RunTime:0.000751s ]
INFO: [ app_begin ] --START--
INFO: Run Behavior\ReadHtmlCacheBehavior [ RunTime:0.001352s ]
INFO: [ app_begin ] --END-- [ RunTime:0.001382s ]
NOTIC: [2] Declaration of Home\Controller\CommonController::ajaxReturn($data = Array, $type = '') should be compatible with Think\Controller::ajaxReturn($data, $type = '', $json_option = 0) C:\xampp\htdocs\Application\Home\Controller\CommonController.class.php 第 95 行.
NOTIC: [8] Use of undefined constant DS - assumed 'DS' C:\xampp\htdocs\Application\Home\Controller\CommonController.class.php 第 86 行.
NOTIC: [8] Use of undefined constant DS - assumed 'DS' C:\xampp\htdocs\Application\Home\Controller\CommonController.class.php 第 86 行.
NOTIC: [8] Use of undefined constant ROOT_PATH - assumed 'ROOT_PATH' C:\xampp\htdocs\Application\Home\Controller\CommonController.class.php 第 87 行.
NOTIC: [8] Use of undefined constant DS - assumed 'DS' C:\xampp\htdocs\Application\Home\Controller\CommonController.class.php 第 87 行.
NOTIC: [8] Use of undefined constant DS - assumed 'DS' C:\xampp\htdocs\Application\Home\Controller\CommonController.class.php 第 88 行.
NOTIC: [8] Use of undefined constant DS - assumed 'DS' C:\xampp\htdocs\Application\Home\Controller\CommonController.class.php 第 88 行.
NOTIC: [8] Use of undefined constant ROOT_PATH - assumed 'ROOT_PATH' C:\xampp\htdocs\Application\Home\Controller\CommonController.class.php 第 89 行.
NOTIC: [8] Use of undefined constant DS - assumed 'DS' C:\xampp\htdocs\Application\Home\Controller\CommonController.class.php 第 89 行.
SQL: SHOW COLUMNS FROM `adv_cover` [ RunTime:0.0069s ]
SQL: SELECT * FROM `adv_cover` WHERE `type` = '02' AND `is_recommend` = 1 LIMIT 0,1   [ RunTime:0.0167s ]
INFO: [ app_end ] --START--
INFO: Run Behavior\ShowPageTraceBehavior [ RunTime:0.001372s ]
INFO: [ app_end ] --END-- [ RunTime:0.001398s ]

[ 2018-07-27T18:15:27+08:00 ] ::1 /
INFO: [ app_init ] --START--
INFO: Run Behavior\BuildLiteBehavior [ RunTime:0.000009s ]
INFO: [ app_init ] --END-- [ RunTime:0.000760s ]
INFO: [ app_begin ] --START--
INFO: Run Behavior\ReadHtmlCacheBehavior [ RunTime:0.001345s ]
INFO: [ app_begin ] --END-- [ RunTime:0.001374s ]
NOTIC: [2] Declaration of Home\Controller\CommonController::ajaxReturn($data = Array, $type = '') should be compatible with Think\Controller::ajaxReturn($data, $type = '', $json_option = 0) C:\xampp\htdocs\Application\Home\Controller\CommonController.class.php 第 95 行.
NOTIC: [8] Use of undefined constant DS - assumed 'DS' C:\xampp\htdocs\Application\Home\Controller\CommonController.class.php 第 86 行.
NOTIC: [8] Use of undefined constant DS - assumed 'DS' C:\xampp\htdocs\Application\Home\Controller\CommonController.class.php 第 86 行.
NOTIC: [8] Use of undefined constant ROOT_PATH - assumed 'ROOT_PATH' C:\xampp\htdocs\Application\Home\Controller\CommonController.class.php 第 87 行.
NOTIC: [8] Use of undefined constant DS - assumed 'DS' C:\xampp\htdocs\Application\Home\Controller\CommonController.class.php 第 87 行.
NOTIC: [8] Use of undefined constant DS - assumed 'DS' C:\xampp\htdocs\Application\Home\Controller\CommonController.class.php 第 88 行.
NOTIC: [8] Use of undefined constant DS - assumed 'DS' C:\xampp\htdocs\Application\Home\Controller\CommonController.class.php 第 88 行.
NOTIC: [8] Use of undefined constant ROOT_PATH - assumed 'ROOT_PATH' C:\xampp\htdocs\Application\Home\Controller\CommonController.class.php 第 89 行.
NOTIC: [8] Use of undefined constant DS - assumed 'DS' C:\xampp\htdocs\Application\Home\Controller\CommonController.class.php 第 89 行.
SQL: SHOW COLUMNS FROM `adv_cover` [ RunTime:0.0069s ]
SQL: SELECT * FROM `adv_cover` WHERE `type` = '02' AND `is_recommend` = 1 LIMIT 0,5   [ RunTime:0.0005s ]
INFO: [ app_end ] --START--
INFO: Run Behavior\ShowPageTraceBehavior [ RunTime:0.001371s ]
INFO: [ app_end ] --END-- [ RunTime:0.001399s ]

[ 2018-07-27T18:24:52+08:00 ] ::1 /
INFO: [ app_init ] --START--
INFO: Run Behavior\BuildLiteBehavior [ RunTime:0.000008s ]
INFO: [ app_init ] --END-- [ RunTime:0.000738s ]
INFO: [ app_begin ] --START--
INFO: Run Behavior\ReadHtmlCacheBehavior [ RunTime:0.001329s ]
INFO: [ app_begin ] --END-- [ RunTime:0.001357s ]
NOTIC: [2] Declaration of Home\Controller\CommonController::ajaxReturn($data = Array, $type = '') should be compatible with Think\Controller::ajaxReturn($data, $type = '', $json_option = 0) C:\xampp\htdocs\Application\Home\Controller\CommonController.class.php 第 95 行.
NOTIC: [8] Use of undefined constant DS - assumed 'DS' C:\xampp\htdocs\Application\Home\Controller\CommonController.class.php 第 86 行.
NOTIC: [8] Use of undefined constant DS - assumed 'DS' C:\xampp\htdocs\Application\Home\Controller\CommonController.class.php 第 86 行.
NOTIC: [8] Use of undefined constant ROOT_PATH - assumed 'ROOT_PATH' C:\xampp\htdocs\Application\Home\Controller\CommonController.class.php 第 87 行.
NOTIC: [8] Use of undefined constant DS - assumed 'DS' C:\xampp\htdocs\Application\Home\Controller\CommonController.class.php 第 87 行.
NOTIC: [8] Use of undefined constant DS - assumed 'DS' C:\xampp\htdocs\Application\Home\Controller\CommonController.class.php 第 88 行.
NOTIC: [8] Use of undefined constant DS - assumed 'DS' C:\xampp\htdocs\Application\Home\Controller\CommonController.class.php 第 88 行.
NOTIC: [8] Use of undefined constant ROOT_PATH - assumed 'ROOT_PATH' C:\xampp\htdocs\Application\Home\Controller\CommonController.class.php 第 89 行.
NOTIC: [8] Use of undefined constant DS - assumed 'DS' C:\xampp\htdocs\Application\Home\Controller\CommonController.class.php 第 89 行.
SQL: SHOW COLUMNS FROM `adv_cover` [ RunTime:0.0069s ]
ERR: 1064:You have an error in your SQL syntax; check the manual that corresponds to your MySQL server version for the right syntax to use near 'by rand()  LIMIT 0,2' at line 1
 [ SQL语句 ] : SELECT * FROM `adv_cover` WHERE `type` = '02' AND `is_recommend` = 1 ORDER BY  by rand()  LIMIT 0,2  
ERR: 1064:You have an error in your SQL syntax; check the manual that corresponds to your MySQL server version for the right syntax to use near 'by rand()  LIMIT 0,2' at line 1
 [ SQL语句 ] : SELECT * FROM `adv_cover` WHERE `type` = '02' AND `is_recommend` = 1 ORDER BY  by rand()  LIMIT 0,2  

[ 2018-07-27T18:25:05+08:00 ] ::1 /
INFO: [ app_init ] --START--
INFO: Run Behavior\BuildLiteBehavior [ RunTime:0.000008s ]
INFO: [ app_init ] --END-- [ RunTime:0.000756s ]
INFO: [ app_begin ] --START--
INFO: Run Behavior\ReadHtmlCacheBehavior [ RunTime:0.001392s ]
INFO: [ app_begin ] --END-- [ RunTime:0.001423s ]
NOTIC: [2] Declaration of Home\Controller\CommonController::ajaxReturn($data = Array, $type = '') should be compatible with Think\Controller::ajaxReturn($data, $type = '', $json_option = 0) C:\xampp\htdocs\Application\Home\Controller\CommonController.class.php 第 95 行.
NOTIC: [8] Use of undefined constant DS - assumed 'DS' C:\xampp\htdocs\Application\Home\Controller\CommonController.class.php 第 86 行.
NOTIC: [8] Use of undefined constant DS - assumed 'DS' C:\xampp\htdocs\Application\Home\Controller\CommonController.class.php 第 86 行.
NOTIC: [8] Use of undefined constant ROOT_PATH - assumed 'ROOT_PATH' C:\xampp\htdocs\Application\Home\Controller\CommonController.class.php 第 87 行.
NOTIC: [8] Use of undefined constant DS - assumed 'DS' C:\xampp\htdocs\Application\Home\Controller\CommonController.class.php 第 87 行.
NOTIC: [8] Use of undefined constant DS - assumed 'DS' C:\xampp\htdocs\Application\Home\Controller\CommonController.class.php 第 88 行.
NOTIC: [8] Use of undefined constant DS - assumed 'DS' C:\xampp\htdocs\Application\Home\Controller\CommonController.class.php 第 88 行.
NOTIC: [8] Use of undefined constant ROOT_PATH - assumed 'ROOT_PATH' C:\xampp\htdocs\Application\Home\Controller\CommonController.class.php 第 89 行.
NOTIC: [8] Use of undefined constant DS - assumed 'DS' C:\xampp\htdocs\Application\Home\Controller\CommonController.class.php 第 89 行.
SQL: SHOW COLUMNS FROM `adv_cover` [ RunTime:0.0068s ]
SQL: SELECT * FROM `adv_cover` WHERE `type` = '02' AND `is_recommend` = 1 ORDER BY  rand()  LIMIT 0,2   [ RunTime:0.0008s ]
INFO: [ app_end ] --START--
INFO: Run Behavior\ShowPageTraceBehavior [ RunTime:0.001416s ]
INFO: [ app_end ] --END-- [ RunTime:0.001442s ]

